<?xml version="1.0" encoding="UTF-8"?>
<!-- Generated by org.testng.reporters.JUnitReportReporter -->
<testsuite hostname="DESKTOP-4MSVC5H" failures="0" tests="3" name="tc.CrossBr" time="50.690" errors="0" timestamp="2023-03-02T16:16:40 IST" skipped="0">
  <testcase classname="tc.CrossBr" name="petStoreTC1" time="16.110"/>
  <system-out/>
  <testcase classname="tc.CrossBr" name="petStoreTC1" time="17.463"/>
  <system-out/>
  <testcase classname="tc.CrossBr" name="petStoreTC1" time="17.117"/>
  <system-out/>
</testsuite> <!-- tc.CrossBr -->
